#
# A fatal error has been detected by the Java Runtime Environment:
#
#  EXCEPTION_ACCESS_VIOLATION (0xc0000005) at pc=0x00007fff4717c1d4, pid=19760, tid=4508
#
# JRE version: OpenJDK Runtime Environment Temurin-17.0.10+7 (17.0.10+7) (build 17.0.10+7)
# Java VM: OpenJDK 64-Bit Server VM Temurin-17.0.10+7 (17.0.10+7, mixed mode, tiered, compressed oops, compressed class ptrs, parallel gc, windows-amd64)
# Problematic frame:
# V  [jvm.dll+0x2ec1d4]
#
# No core dump will be written. Minidumps are not enabled by default on client versions of Windows
#
# If you would like to submit a bug report, please visit:
#   https://github.com/adoptium/adoptium-support/issues
#

---------------  S U M M A R Y ------------

Command Line: --add-modules=ALL-SYSTEM --add-opens=java.base/java.util=ALL-UNNAMED --add-opens=java.base/java.lang=ALL-UNNAMED --add-opens=java.base/sun.nio.fs=ALL-UNNAMED -Declipse.application=org.eclipse.jdt.ls.core.id1 -Dosgi.bundles.defaultStartLevel=4 -Declipse.product=org.eclipse.jdt.ls.core.product -Djava.import.generatesMetadataFilesAtProjectRoot=false -DDetectVMInstallationsJob.disabled=true -Dfile.encoding=utf8 -XX:+UseParallelGC -XX:GCTimeRatio=4 -XX:AdaptiveSizePolicyWeight=90 -Dsun.zip.disableMemoryMapping=true -Xmx1G -Xms100m -Xlog:disable -javaagent:c:\Users\cucua\.vscode\extensions\redhat.java-1.30.0-win32-x64\lombok\lombok-1.18.32.jar -XX:+HeapDumpOnOutOfMemoryError -XX:HeapDumpPath=c:\Users\cucua\AppData\Roaming\Code\User\workspaceStorage\6f6d6e23213565340f27434c3d0c5642\redhat.java -Daether.dependencyCollector.impl=bf c:\Users\cucua\.vscode\extensions\redhat.java-1.30.0-win32-x64\server\plugins\org.eclipse.equinox.launcher_1.6.800.v20240330-1250.jar -configuration c:\Users\cucua\AppData\Roaming\Code\User\globalStorage\redhat.java\1.30.0\config_win -data c:\Users\cucua\AppData\Roaming\Code\User\workspaceStorage\6f6d6e23213565340f27434c3d0c5642\redhat.java\jdt_ws --pipe=\\.\pipe\lsp-2ad9d7a243729d44a8176b5868ad507e-sock

Host: Intel(R) Core(TM) i9-10900K CPU @ 3.70GHz, 20 cores, 31G,  Windows 10 , 64 bit Build 19041 (10.0.19041.2364)
Time: Thu May  9 18:28:46 2024 GTB Daylight Time elapsed time: 7398.688982 seconds (0d 2h 3m 18s)

---------------  T H R E A D  ---------------

Current thread (0x000002451ba8c6b0):  GCTaskThread "GC Thread#2" [stack: 0x0000005730c00000,0x0000005730d00000] [id=4508]

Stack: [0x0000005730c00000,0x0000005730d00000],  sp=0x0000005730cffa98,  free space=1022k
Native frames: (J=compiled Java code, j=interpreted, Vv=VM code, C=native code)
V  [jvm.dll+0x2ec1d4]
V  [jvm.dll+0x6be078]
V  [jvm.dll+0x6be4ef]
V  [jvm.dll+0x86226b]
V  [jvm.dll+0x8622b6]
V  [jvm.dll+0x7e3fba]
V  [jvm.dll+0x67c1b5]
C  [ucrtbase.dll+0x21bb2]
C  [KERNEL32.DLL+0x17614]
C  [ntdll.dll+0x526a1]


siginfo: EXCEPTION_ACCESS_VIOLATION (0xc0000005), data execution prevention violation at address 0x00007fff4117c1d4


Registers:
RAX=0x0000000000017e00, RBX=0x0000000000000007, RCX=0x000002457ec706e0, RDX=0x000000000000000d
RSP=0x0000005730cffa98, RBP=0x0000000000000003, RSI=0x0000000000000068, RDI=0x000002457cb6d040
R8 =0x0000000000000000, R9 =0x0000000000000005, R10=0x0000000000000000, R11=0x000002457ec6dfe0
R12=0x0000000000000000, R13=0x000002451b74b3f0, R14=0x0000000000000028, R15=0x0000005730cffb00
RIP=0x00007fff4717c1d4, EFLAGS=0x0000000000010246


Register to memory mapping:

RIP=0x00007fff4717c1d4 jvm.dll
RAX=0x0000000000017e00 is an unknown value
RBX=0x0000000000000007 is an unknown value
RCX=0x000002457ec706e0 points into unknown readable memory: 0x0000000000000000 | 00 00 00 00 00 00 00 00
RDX=0x000000000000000d is an unknown value
RSP=0x0000005730cffa98 points into unknown readable memory: 0x000000572f7ff058 | 58 f0 7f 2f 57 00 00 00
RBP=0x0000000000000003 is an unknown value
RSI=0x0000000000000068 is an unknown value
RDI=0x000002457cb6d040 points into unknown readable memory: 0x00007fff477e3100 | 00 31 7e 47 ff 7f 00 00
R8 =0x0 is NULL
R9 =0x0000000000000005 is an unknown value
R10=0x0 is NULL
R11=0x000002457ec6dfe0 points into unknown readable memory: 0x0000000000000000 | 00 00 00 00 00 00 00 00
R12=0x0 is NULL
R13=0x000002451b74b3f0 points into unknown readable memory: 0x0000000000000002 | 02 00 00 00 00 00 00 00
R14=0x0000000000000028 is an unknown value
R15=0x0000005730cffb00 points into unknown readable memory: 0x00000000eb64de6d | 6d de 64 eb 00 00 00 00


Top of Stack: (sp=0x0000005730cffa98)
0x0000005730cffa98:   000000572f7ff058 0000000000000007
0x0000005730cffaa8:   0000000000000005 0000000000000007
0x0000005730cffab8:   00007fff4754e078 000002457ec6df80
0x0000005730cffac8:   000002457ec6df80 0000000000000000
0x0000005730cffad8:   000000572f7ff0b0 000000572f7fef50
0x0000005730cffae8:   00007fff4754e4ef 000002457ec6df80
0x0000005730cffaf8:   0000005730cffb89 00000000eb64de6d
0x0000005730cffb08:   000000572f7ff090 000002457ec6df80
0x0000005730cffb18:   0000000000000007 000000000000000f
0x0000005730cffb28:   000000572f7feab8 0000000700000002
0x0000005730cffb38:   000002457ec6df80 00007fff47841f08
0x0000005730cffb48:   000002457ec6df80 000000572f7fef50
0x0000005730cffb58:   00000245190d1160 00000000000003d8
0x0000005730cffb68:   00000245190d1170 00000245190d1548
0x0000005730cffb78:   00007fff47842058 0000000000000007
0x0000005730cffb88:   0000000000000000 0000000000000000
0x0000005730cffb98:   0000000000000000 0000000000000000
0x0000005730cffba8:   0000b9e4dc3e7e4f 0000000000000000
0x0000005730cffbb8:   000002451ba8c6b0 0000000000000000
0x0000005730cffbc8:   0000000000000000 000000572f7fef50
0x0000005730cffbd8:   000002451ba8c6b0 0000000000000000
0x0000005730cffbe8:   00007fff476f226b 0000000000000008
0x0000005730cffbf8:   0000000000000000 0000000000000008
0x0000005730cffc08:   000000572f7fef50 00000000000075a3
0x0000005730cffc18:   00007fff476f22b6 000002451ba8c6b0
0x0000005730cffc28:   00000057ffffffff 000002457cab92f0
0x0000005730cffc38:   0000000000000000 000002451ba8c6b0
0x0000005730cffc48:   00007fff47673fba 0000000000000000
0x0000005730cffc58:   00000000000075a3 000002451ba8c6b0
0x0000005730cffc68:   00007fffdb3b3a81 0000000000000000
0x0000005730cffc78:   0000000000000000 0000000000000000
0x0000005730cffc88:   00007fff4750c1b5 000002451ba8c6b0 

Instructions: (pc=0x00007fff4717c1d4)
0x00007fff4717c0d4:   00 00 00 00 48 8b 47 10 49 8b 0c 06 8b 81 00 01
0x00007fff4717c0e4:   00 00 44 8b 91 80 00 00 00 44 2b d0 8b c2 41 81
0x00007fff4717c0f4:   e2 ff ff 01 00 41 81 fa ff ff 01 00 45 0f 44 d4
0x00007fff4717c104:   48 8d 34 c5 00 00 00 00 48 8b 47 10 48 8b 0c 06
0x00007fff4717c114:   8b 81 00 01 00 00 44 8b 81 80 00 00 00 44 2b c0
0x00007fff4717c124:   32 c0 41 81 e0 ff ff 01 00 41 81 f8 ff ff 01 00
0x00007fff4717c134:   45 0f 44 c4 45 3b c2 76 0a 48 8b 47 10 48 8b 34
0x00007fff4717c144:   06 eb 14 45 85 d2 0f 84 84 00 00 00 48 8b 47 10
0x00007fff4717c154:   41 8b d1 49 8b 34 06 48 8b 86 00 01 00 00 90 8b
0x00007fff4717c164:   8e 80 00 00 00 2b c8 81 e1 ff ff 01 00 81 f9 ff
0x00007fff4717c174:   ff 01 00 41 0f 44 cc 85 c9 75 13 ba ff ff ff ff
0x00007fff4717c184:   32 c0 41 89 93 00 02 00 00 e9 c5 00 00 00 48 8b
0x00007fff4717c194:   8e 80 01 00 00 4c 8b c8 44 8b c0 4e 8b 04 c1 8d
0x00007fff4717c1a4:   48 01 81 e1 ff ff 01 00 4d 89 07 45 8b c4 41 0f
0x00007fff4717c1b4:   94 c0 49 c1 e9 20 45 03 c8 49 c1 e1 20 4c 0b c9
0x00007fff4717c1c4:   f0 4c 0f b1 8e 00 01 00 00 0f 94 c0 84 c0 75 05
0x00007fff4717c1d4:   ba ff ff ff ff 41 89 93 00 02 00 00 eb 75 75 77
0x00007fff4717c1e4:   48 8b 47 10 8d 4b ff 83 e1 01 4c 8b 14 c8 49 8b
0x00007fff4717c1f4:   82 00 01 00 00 90 41 8b 8a 80 00 00 00 2b c8 81
0x00007fff4717c204:   e1 ff ff 01 00 81 f9 ff ff 01 00 41 0f 44 cc 85
0x00007fff4717c214:   c9 75 04 32 c0 eb 3c 49 8b 8a 80 01 00 00 4c 8b
0x00007fff4717c224:   c0 8b d0 48 8b 14 d1 8d 48 01 81 e1 ff ff 01 00
0x00007fff4717c234:   49 89 17 41 8b d4 0f 94 c2 49 c1 e8 20 44 03 c2
0x00007fff4717c244:   49 c1 e0 20 4c 0b c1 f0 4d 0f b1 82 00 01 00 00
0x00007fff4717c254:   0f 94 c0 84 c0 75 29 8b 4f 08 ff c5 8d 04 09 3b
0x00007fff4717c264:   e8 0f 82 a7 fd ff ff 32 c0 48 8b 5c 24 30 48 8b
0x00007fff4717c274:   6c 24 38 48 8b 74 24 40 41 5f 41 5e 41 5c 5f c3
0x00007fff4717c284:   b0 01 eb e5 cc cc cc cc cc cc cc cc 48 8b 91 90
0x00007fff4717c294:   00 00 00 48 8b 81 98 00 00 00 48 89 81 90 00 00
0x00007fff4717c2a4:   00 48 89 91 98 00 00 00 c3 cc cc cc 48 8b 89 a0
0x00007fff4717c2b4:   06 00 00 e9 b4 62 57 00 cc cc cc cc 48 89 54 24
0x00007fff4717c2c4:   10 4c 89 44 24 18 4c 89 4c 24 20 53 48 83 ec 20 


Stack slot to memory mapping:
stack at sp + 0 slots: 0x000000572f7ff058 points into unknown readable memory: 0x000002457caa5e50 | 50 5e aa 7c 45 02 00 00
stack at sp + 1 slots: 0x0000000000000007 is an unknown value
stack at sp + 2 slots: 0x0000000000000005 is an unknown value
stack at sp + 3 slots: 0x0000000000000007 is an unknown value
stack at sp + 4 slots: 0x00007fff4754e078 jvm.dll
stack at sp + 5 slots: 0x000002457ec6df80 points into unknown readable memory: 0x00007fff47841db8 | b8 1d 84 47 ff 7f 00 00
stack at sp + 6 slots: 0x000002457ec6df80 points into unknown readable memory: 0x00007fff47841db8 | b8 1d 84 47 ff 7f 00 00
stack at sp + 7 slots: 0x0 is NULL


---------------  P R O C E S S  ---------------

Threads class SMR info:
_java_thread_list=0x000002451c2bb820, length=70, elements={
0x000002457cabc600, 0x000002457ec73030, 0x000002457ec76540, 0x0000024519012eb0,
0x0000024519013d90, 0x0000024519014f00, 0x00000245190160b0, 0x000002451901c5b0,
0x000002451901d710, 0x000002451902b230, 0x000002457cb1d780, 0x000002451b605b60,
0x000002451b6e4cd0, 0x000002451b6e56f0, 0x000002451b6e2960, 0x000002451b6e42b0,
0x000002451b6e3890, 0x000002451b6e2e70, 0x000002451c8f7ed0, 0x000002451c8f9310,
0x000002451c8f9820, 0x000002451c8f6070, 0x000002451c8f83e0, 0x000002451c8f74b0,
0x000002451c8f6580, 0x000002451c8f79c0, 0x000002451c8f6a90, 0x000002451c8f6fa0,
0x000002451dda5c70, 0x000002451dda3900, 0x000002451dda4320, 0x000002451dda6180,
0x000002451dda84f0, 0x000002451dda70b0, 0x000002451dda2ee0, 0x000002451dda5250,
0x000002451dda6690, 0x000002451dda7fe0, 0x000002451dda6ba0, 0x000002451dda75c0,
0x000002451dda4d40, 0x000002451dda1080, 0x000002451dda33f0, 0x000002451dda1fb0,
0x00000245200a11f0, 0x00000245200a1700, 0x00000245200a2630, 0x00000245200a4490,
0x000002451923d460, 0x000002451923e390, 0x000002451923b0f0, 0x000002451923e8a0,
0x00000245192401f0, 0x000002451923cf50, 0x000002451923edb0, 0x000002451923fce0,
0x000002451923c530, 0x000002451923bb10, 0x000002451923a1c0, 0x0000024519240700,
0x0000024519240c10, 0x0000024519241120, 0x0000024519239cb0, 0x0000024519241630,
0x000002451923a6d0, 0x000002451923b600, 0x000002451923f7d0, 0x00000245200a3050,
0x000002452009ee80, 0x00000245200a02c0
}

Java Threads: ( => current thread )
  0x000002457cabc600 JavaThread "main" [_thread_blocked, id=7656, stack(0x000000572f500000,0x000000572f600000)]
  0x000002457ec73030 JavaThread "Reference Handler" daemon [_thread_blocked, id=25492, stack(0x000000572f800000,0x000000572f900000)]
  0x000002457ec76540 JavaThread "Finalizer" daemon [_thread_blocked, id=3656, stack(0x000000572f900000,0x000000572fa00000)]
  0x0000024519012eb0 JavaThread "Signal Dispatcher" daemon [_thread_blocked, id=16600, stack(0x000000572fa00000,0x000000572fb00000)]
  0x0000024519013d90 JavaThread "Attach Listener" daemon [_thread_blocked, id=33488, stack(0x000000572fb00000,0x000000572fc00000)]
  0x0000024519014f00 JavaThread "Service Thread" daemon [_thread_blocked, id=22268, stack(0x000000572fc00000,0x000000572fd00000)]
  0x00000245190160b0 JavaThread "Monitor Deflation Thread" daemon [_thread_blocked, id=27580, stack(0x000000572fd00000,0x000000572fe00000)]
  0x000002451901c5b0 JavaThread "C2 CompilerThread0" daemon [_thread_blocked, id=25000, stack(0x000000572fe00000,0x000000572ff00000)]
  0x000002451901d710 JavaThread "C1 CompilerThread0" daemon [_thread_blocked, id=20208, stack(0x000000572ff00000,0x0000005730000000)]
  0x000002451902b230 JavaThread "Sweeper thread" daemon [_thread_blocked, id=23848, stack(0x0000005730000000,0x0000005730100000)]
  0x000002457cb1d780 JavaThread "Common-Cleaner" daemon [_thread_blocked, id=15972, stack(0x0000005730100000,0x0000005730200000)]
  0x000002451b605b60 JavaThread "Notification Thread" daemon [_thread_blocked, id=14208, stack(0x0000005730600000,0x0000005730700000)]
  0x000002451b6e4cd0 JavaThread "Active Thread: Equinox Container: fe7a0209-2d81-4539-96b6-b95ef8c6f5d1" [_thread_blocked, id=16704, stack(0x0000005731000000,0x0000005731100000)]
  0x000002451b6e56f0 JavaThread "Framework Event Dispatcher: Equinox Container: fe7a0209-2d81-4539-96b6-b95ef8c6f5d1" daemon [_thread_blocked, id=10400, stack(0x0000005730400000,0x0000005730500000)]
  0x000002451b6e2960 JavaThread "Start Level: Equinox Container: fe7a0209-2d81-4539-96b6-b95ef8c6f5d1" daemon [_thread_blocked, id=20016, stack(0x0000005730500000,0x0000005730600000)]
  0x000002451b6e42b0 JavaThread "Bundle File Closer" daemon [_thread_blocked, id=6944, stack(0x0000005730a00000,0x0000005730b00000)]
  0x000002451b6e3890 JavaThread "SCR Component Actor" daemon [_thread_blocked, id=30316, stack(0x0000005731100000,0x0000005731200000)]
  0x000002451b6e2e70 JavaThread "Worker-JM" [_thread_blocked, id=33940, stack(0x0000005731600000,0x0000005731700000)]
  0x000002451c8f7ed0 JavaThread "Java indexing" daemon [_thread_blocked, id=15300, stack(0x0000005732100000,0x0000005732200000)]
  0x000002451c8f9310 JavaThread "JNA Cleaner" daemon [_thread_blocked, id=15780, stack(0x0000005732200000,0x0000005732300000)]
  0x000002451c8f9820 JavaThread "Thread-2" daemon [_thread_in_native, id=12340, stack(0x0000005732500000,0x0000005732600000)]
  0x000002451c8f6070 JavaThread "Thread-3" daemon [_thread_in_native, id=24612, stack(0x0000005732600000,0x0000005732700000)]
  0x000002451c8f83e0 JavaThread "Thread-4" daemon [_thread_in_native, id=14864, stack(0x0000005732700000,0x0000005732800000)]
  0x000002451c8f74b0 JavaThread "Thread-5" daemon [_thread_in_native, id=18752, stack(0x0000005732800000,0x0000005732900000)]
  0x000002451c8f6580 JavaThread "Thread-6" daemon [_thread_in_native, id=29656, stack(0x0000005732900000,0x0000005732a00000)]
  0x000002451c8f79c0 JavaThread "Thread-7" daemon [_thread_in_native, id=25912, stack(0x0000005732a00000,0x0000005732b00000)]
  0x000002451c8f6a90 JavaThread "Thread-8" daemon [_thread_in_native, id=5752, stack(0x0000005732b00000,0x0000005732c00000)]
  0x000002451c8f6fa0 JavaThread "Thread-9" daemon [_thread_in_native, id=18508, stack(0x0000005732c00000,0x0000005732d00000)]
  0x000002451dda5c70 JavaThread "Thread-10" daemon [_thread_in_native, id=31472, stack(0x0000005732d00000,0x0000005732e00000)]
  0x000002451dda3900 JavaThread "Thread-11" daemon [_thread_in_native, id=31408, stack(0x0000005732e00000,0x0000005732f00000)]
  0x000002451dda4320 JavaThread "Thread-12" daemon [_thread_in_native, id=9092, stack(0x0000005732f00000,0x0000005733000000)]
  0x000002451dda6180 JavaThread "Thread-13" daemon [_thread_in_native, id=14636, stack(0x0000005733000000,0x0000005733100000)]
  0x000002451dda84f0 JavaThread "Thread-14" daemon [_thread_in_native, id=24524, stack(0x0000005733100000,0x0000005733200000)]
  0x000002451dda70b0 JavaThread "Thread-15" daemon [_thread_in_native, id=20588, stack(0x0000005733200000,0x0000005733300000)]
  0x000002451dda2ee0 JavaThread "Thread-16" daemon [_thread_in_native, id=22700, stack(0x0000005733300000,0x0000005733400000)]
  0x000002451dda5250 JavaThread "Thread-17" daemon [_thread_in_native, id=24188, stack(0x0000005733400000,0x0000005733500000)]
  0x000002451dda6690 JavaThread "Thread-18" daemon [_thread_in_native, id=3576, stack(0x0000005733500000,0x0000005733600000)]
  0x000002451dda7fe0 JavaThread "Thread-19" daemon [_thread_in_native, id=27324, stack(0x0000005733600000,0x0000005733700000)]
  0x000002451dda6ba0 JavaThread "Thread-20" daemon [_thread_in_native, id=28900, stack(0x0000005733700000,0x0000005733800000)]
  0x000002451dda75c0 JavaThread "Thread-21" daemon [_thread_in_native, id=27744, stack(0x0000005733800000,0x0000005733900000)]
  0x000002451dda4d40 JavaThread "Thread-22" daemon [_thread_in_native, id=25408, stack(0x0000005733900000,0x0000005733a00000)]
  0x000002451dda1080 JavaThread "pool-2-thread-1" [_thread_blocked, id=32248, stack(0x0000005733a00000,0x0000005733b00000)]
  0x000002451dda33f0 JavaThread "WorkspaceEventsHandler" [_thread_blocked, id=21764, stack(0x0000005733b00000,0x0000005733c00000)]
  0x000002451dda1fb0 JavaThread "pool-1-thread-1" [_thread_blocked, id=5964, stack(0x0000005733c00000,0x0000005733d00000)]
  0x00000245200a11f0 JavaThread "Cleaner-0" daemon [_thread_blocked, id=20328, stack(0x0000005735200000,0x0000005735300000)]
  0x00000245200a1700 JavaThread "Java Debug Server" daemon [_thread_in_native, id=6956, stack(0x0000005731300000,0x0000005731400000)]
  0x00000245200a2630 JavaThread "RxSchedulerPurge-1" daemon [_thread_blocked, id=25968, stack(0x0000005733d00000,0x0000005733e00000)]
  0x00000245200a4490 JavaThread "RxCachedWorkerPoolEvictor-1" daemon [_thread_blocked, id=17048, stack(0x0000005733e00000,0x0000005733f00000)]
  0x000002451923d460 JavaThread "ForkJoinPool.commonPool-worker-63" daemon [_thread_blocked, id=6924, stack(0x000000572f300000,0x000000572f400000)]
  0x000002451923e390 JavaThread "ForkJoinPool.commonPool-worker-64" daemon [_thread_blocked, id=29124, stack(0x000000572f400000,0x000000572f500000)]
  0x000002451923b0f0 JavaThread "ForkJoinPool.commonPool-worker-65" daemon [_thread_blocked, id=24528, stack(0x0000005730200000,0x0000005730300000)]
  0x000002451923e8a0 JavaThread "ForkJoinPool.commonPool-worker-66" daemon [_thread_blocked, id=24696, stack(0x0000005731800000,0x0000005731900000)]
  0x00000245192401f0 JavaThread "ForkJoinPool.commonPool-worker-67" daemon [_thread_blocked, id=31884, stack(0x0000005731900000,0x0000005731a00000)]
  0x000002451923cf50 JavaThread "ForkJoinPool.commonPool-worker-68" daemon [_thread_blocked, id=11320, stack(0x0000005731a00000,0x0000005731b00000)]
  0x000002451923edb0 JavaThread "ForkJoinPool.commonPool-worker-69" daemon [_thread_blocked, id=15560, stack(0x0000005731c00000,0x0000005731d00000)]
  0x000002451923fce0 JavaThread "ForkJoinPool.commonPool-worker-70" daemon [_thread_blocked, id=14704, stack(0x000000572f200000,0x000000572f300000)]
  0x000002451923c530 JavaThread "ForkJoinPool.commonPool-worker-71" daemon [_thread_blocked, id=22292, stack(0x0000005732000000,0x0000005732100000)]
  0x000002451923bb10 JavaThread "ForkJoinPool.commonPool-worker-72" daemon [_thread_blocked, id=10808, stack(0x0000005732300000,0x0000005732400000)]
  0x000002451923a1c0 JavaThread "ForkJoinPool.commonPool-worker-73" daemon [_thread_blocked, id=11984, stack(0x0000005731f00000,0x0000005732000000)]
  0x0000024519240700 JavaThread "ForkJoinPool.commonPool-worker-74" daemon [_thread_blocked, id=11504, stack(0x0000005734100000,0x0000005734200000)]
  0x0000024519240c10 JavaThread "ForkJoinPool.commonPool-worker-75" daemon [_thread_blocked, id=31156, stack(0x0000005734200000,0x0000005734300000)]
  0x0000024519241120 JavaThread "ForkJoinPool.commonPool-worker-76" daemon [_thread_blocked, id=22816, stack(0x0000005734300000,0x0000005734400000)]
  0x0000024519239cb0 JavaThread "ForkJoinPool.commonPool-worker-77" daemon [_thread_blocked, id=26416, stack(0x0000005734400000,0x0000005734500000)]
  0x0000024519241630 JavaThread "Worker-7" [_thread_blocked, id=19132, stack(0x0000005734500000,0x0000005734600000)]
  0x000002451923a6d0 JavaThread "ForkJoinPool.commonPool-worker-78" daemon [_thread_blocked, id=23460, stack(0x0000005734600000,0x0000005734700000)]
  0x000002451923b600 JavaThread "ForkJoinPool.commonPool-worker-79" daemon [_thread_blocked, id=560, stack(0x0000005734700000,0x0000005734800000)]
  0x000002451923f7d0 JavaThread "ForkJoinPool.commonPool-worker-80" daemon [_thread_blocked, id=28684, stack(0x0000005734800000,0x0000005734900000)]
  0x00000245200a3050 JavaThread "ForkJoinPool.commonPool-worker-81" daemon [_thread_blocked, id=27216, stack(0x0000005734a00000,0x0000005734b00000)]
  0x000002452009ee80 JavaThread "Worker-8" [_thread_blocked, id=13184, stack(0x0000005731200000,0x0000005731300000)]
  0x00000245200a02c0 JavaThread "Worker-9" [_thread_blocked, id=28648, stack(0x0000005732400000,0x0000005732500000)]

Other Threads:
  0x0000024518fe5110 VMThread "VM Thread" [stack: 0x000000572f700000,0x000000572f800000] [id=18152]
  0x000002451b606040 WatcherThread [stack: 0x0000005730700000,0x0000005730800000] [id=25068]
  0x000002457caca890 GCTaskThread "GC Thread#0" [stack: 0x000000572f600000,0x000000572f700000] [id=27112]
  0x000002451ba8c3f0 GCTaskThread "GC Thread#1" [stack: 0x0000005730b00000,0x0000005730c00000] [id=25692]
=>0x000002451ba8c6b0 GCTaskThread "GC Thread#2" [stack: 0x0000005730c00000,0x0000005730d00000] [id=4508]
  0x000002451bb0a010 GCTaskThread "GC Thread#3" [stack: 0x0000005730d00000,0x0000005730e00000] [id=27304]
  0x000002451bb0a2d0 GCTaskThread "GC Thread#4" [stack: 0x0000005730e00000,0x0000005730f00000] [id=26536]
  0x000002451bb0a590 GCTaskThread "GC Thread#5" [stack: 0x0000005730f00000,0x0000005731000000] [id=23884]
  0x000002457c80e990 GCTaskThread "GC Thread#6" [stack: 0x0000005730800000,0x0000005730900000] [id=30652]
  0x000002451c272c00 GCTaskThread "GC Thread#7" [stack: 0x0000005730900000,0x0000005730a00000] [id=12116]
  0x000002451c82bc70 GCTaskThread "GC Thread#8" [stack: 0x0000005730300000,0x0000005730400000] [id=22708]
  0x000002451c182c30 GCTaskThread "GC Thread#9" [stack: 0x0000005731400000,0x0000005731500000] [id=13124]
  0x000002451c84ae70 GCTaskThread "GC Thread#10" [stack: 0x0000005731500000,0x0000005731600000] [id=33024]
  0x000002451c180360 GCTaskThread "GC Thread#11" [stack: 0x0000005731700000,0x0000005731800000] [id=9792]
  0x000002451c95cd00 GCTaskThread "GC Thread#12" [stack: 0x0000005731b00000,0x0000005731c00000] [id=25140]
  0x000002451c5cd050 GCTaskThread "GC Thread#13" [stack: 0x0000005731d00000,0x0000005731e00000] [id=20808]
  0x000002451c5cdb50 GCTaskThread "GC Thread#14" [stack: 0x0000005731e00000,0x0000005731f00000] [id=28344]

Threads with active compile tasks:

VM state: at safepoint (normal execution)

VM Mutex/Monitor currently owned by a thread:  ([mutex/lock_event])
[0x000002457cab9380] Threads_lock - owner thread: 0x0000024518fe5110
[0x000002457cab9410] Heap_lock - owner thread: 0x000002451923b600

Heap address: 0x00000000c0000000, size: 1024 MB, Compressed Oops mode: 32-bit

CDS archive(s) not mapped
Compressed class space mapped at: 0x0000000100000000-0x0000000140000000, reserved size: 1073741824
Narrow klass base: 0x0000000000000000, Narrow klass shift: 3, Narrow klass range: 0x140000000

GC Precious Log:
 CPUs: 20 total, 20 available
 Memory: 32688M
 Large Page Support: Disabled
 NUMA Support: Disabled
 Compressed Oops: Enabled (32-bit)
 Alignments: Space 512K, Generation 512K, Heap 2M
 Heap Min Capacity: 100M
 Heap Initial Capacity: 100M
 Heap Max Capacity: 1G
 Pre-touch: Disabled
 Parallel Workers: 15

Heap:
 PSYoungGen      total 12288K, used 12241K [0x00000000eab00000, 0x00000000ebd00000, 0x0000000100000000)
  eden space 8192K, 100% used [0x00000000eab00000,0x00000000eb300000,0x00000000eb300000)
  from space 4096K, 98% used [0x00000000eb900000,0x00000000ebcf44d8,0x00000000ebd00000)
  to   space 5120K, 70% used [0x00000000eb300000,0x00000000eb68c090,0x00000000eb800000)
 ParOldGen       total 112640K, used 106497K [0x00000000c0000000, 0x00000000c6e00000, 0x00000000eab00000)
  object space 112640K, 94% used [0x00000000c0000000,0x00000000c68006a8,0x00000000c6e00000)
 Metaspace       used 93082K, committed 94272K, reserved 1179648K
  class space    used 9391K, committed 9920K, reserved 1048576K

Card table byte_map: [0x000002457e510000,0x000002457e720000] _byte_map_base: 0x000002457df10000

Marking Bits: (ParMarkBitMap*) 0x00007fff47a2d7d0
 Begin Bits: [0x0000024511be0000, 0x0000024512be0000)
 End Bits:   [0x0000024512be0000, 0x0000024513be0000)

Polling page: 0x000002457c6c0000

Metaspace:

Usage:
  Non-class:     81.73 MB used.
      Class:      9.17 MB used.
       Both:     90.90 MB used.

Virtual space:
  Non-class space:      128.00 MB reserved,      82.38 MB ( 64%) committed,  2 nodes.
      Class space:        1.00 GB reserved,       9.69 MB ( <1%) committed,  1 nodes.
             Both:        1.12 GB reserved,      92.06 MB (  8%) committed. 

Chunk freelists:
   Non-Class:  13.41 MB
       Class:  6.16 MB
        Both:  19.57 MB

MaxMetaspaceSize: unlimited
CompressedClassSpaceSize: 1.00 GB
Initial GC threshold: 21.00 MB
Current GC threshold: 153.44 MB
CDS: off
MetaspaceReclaimPolicy: balanced
 - commit_granule_bytes: 65536.
 - commit_granule_words: 8192.
 - virtual_space_node_default_size: 8388608.
 - enlarge_chunks_in_place: 1.
 - new_chunks_are_fully_committed: 0.
 - uncommit_free_chunks: 1.
 - use_allocation_guard: 0.
 - handle_deallocations: 1.


Internal statistics:

num_allocs_failed_limit: 9.
num_arena_births: 992.
num_arena_deaths: 314.
num_vsnodes_births: 3.
num_vsnodes_deaths: 0.
num_space_committed: 1473.
num_space_uncommitted: 0.
num_chunks_returned_to_freelist: 375.
num_chunks_taken_from_freelist: 4898.
num_chunk_merges: 130.
num_chunk_splits: 2958.
num_chunks_enlarged: 1756.
num_inconsistent_stats: 0.

CodeHeap 'non-profiled nmethods': size=119168Kb used=20114Kb max_used=20114Kb free=99053Kb
 bounds [0x000002450a780000, 0x000002450bb30000, 0x0000024511be0000]
CodeHeap 'profiled nmethods': size=119104Kb used=36439Kb max_used=36439Kb free=82664Kb
 bounds [0x0000024502be0000, 0x0000024504f80000, 0x000002450a030000]
CodeHeap 'non-nmethods': size=7488Kb used=1460Kb max_used=3254Kb free=6027Kb
 bounds [0x000002450a030000, 0x000002450a370000, 0x000002450a780000]
 total_blobs=17966 nmethods=17146 adapters=728
 compilation: enabled
              stopped_count=0, restarted_count=0
 full_count=0

Compilation events (20 events):
Event: 7395.701 Thread 0x000002451901d710 nmethod 22325 0x0000024504f7ab10 code [0x0000024504f7ad40, 0x0000024504f7b528]
Event: 7395.705 Thread 0x000002451901c5b0 nmethod 22323 0x000002450bb16510 code [0x000002450bb166c0, 0x000002450bb16ec8]
Event: 7396.307 Thread 0x000002451901d710 22326       3       org.eclipse.jdt.internal.compiler.codegen.CodeStream::if_icmpgt (86 bytes)
Event: 7396.308 Thread 0x000002451901d710 nmethod 22326 0x0000024504f7b810 code [0x0000024504f7ba40, 0x0000024504f7c1f8]
Event: 7396.798 Thread 0x000002451901c5b0 22327 % !   4       org.eclipse.lsp4j.jsonrpc.json.StreamMessageProducer::listen @ 43 (301 bytes)
Event: 7396.875 Thread 0x000002451901c5b0 nmethod 22327% 0x000002450bb17210 code [0x000002450bb17840, 0x000002450bb1d5b0]
Event: 7397.039 Thread 0x000002451901c5b0 22328       4       org.eclipse.core.internal.resources.Resource::isFilteredWithException (162 bytes)
Event: 7397.041 Thread 0x000002451901d710 22329       3       org.eclipse.jdt.internal.core.search.matching.TypeDeclarationPattern::getIndexCategories (4 bytes)
Event: 7397.041 Thread 0x000002451901d710 nmethod 22329 0x0000024504f7c490 code [0x0000024504f7c620, 0x0000024504f7c738]
Event: 7397.041 Thread 0x000002451901d710 22330       3       org.eclipse.jdt.internal.core.search.matching.TypeDeclarationPattern::queryIn (305 bytes)
Event: 7397.041 Thread 0x000002451901d710 nmethod 22330 0x0000024504f7c810 code [0x0000024504f7ca20, 0x0000024504f7d208]
Event: 7397.050 Thread 0x000002451901c5b0 nmethod 22328 0x000002450bb20a10 code [0x000002450bb20ca0, 0x000002450bb21f60]
Event: 7397.789 Thread 0x000002451901d710 22331       3       org.eclipse.jdt.internal.core.manipulation.CodeTemplateContext::setCompilationUnitVariables (47 bytes)
Event: 7397.789 Thread 0x000002451901c5b0 22332       4       org.eclipse.jdt.internal.core.SourceType::isInterface (44 bytes)
Event: 7397.789 Thread 0x000002451901d710 nmethod 22331 0x0000024504f7d410 code [0x0000024504f7d660, 0x0000024504f7e3d8]
Event: 7397.791 Thread 0x000002451901c5b0 nmethod 22332 0x000002450bb22f90 code [0x000002450bb23180, 0x000002450bb23560]
Event: 7398.572 Thread 0x000002451901c5b0 22333       4       org.eclipse.jdt.internal.compiler.impl.CompilerOptions::resetDefaults (409 bytes)
Event: 7398.573 Thread 0x000002451901d710 22334       3       org.eclipse.jdt.internal.compiler.parser.Parser::consumeSwitchBlockStatements (5 bytes)
Event: 7398.573 Thread 0x000002451901d710 nmethod 22334 0x0000024504f7e890 code [0x0000024504f7ea20, 0x0000024504f7ebc8]
Event: 7398.575 Thread 0x000002451901c5b0 nmethod 22333 0x000002450bb23990 code [0x000002450bb23b80, 0x000002450bb244d8]

GC Heap History (20 events):
Event: 7395.696 GC heap after
{Heap after GC invocations=2820 (full 55):
 PSYoungGen      total 15360K, used 7138K [0x00000000eab00000, 0x00000000ec500000, 0x0000000100000000)
  eden space 8192K, 0% used [0x00000000eab00000,0x00000000eab00000,0x00000000eb300000)
  from space 7168K, 99% used [0x00000000eb300000,0x00000000eb9f8990,0x00000000eba00000)
  to   space 9216K, 0% used [0x00000000ebc00000,0x00000000ebc00000,0x00000000ec500000)
 ParOldGen       total 112640K, used 100798K [0x00000000c0000000, 0x00000000c6e00000, 0x00000000eab00000)
  object space 112640K, 89% used [0x00000000c0000000,0x00000000c626f9f0,0x00000000c6e00000)
 Metaspace       used 93079K, committed 94272K, reserved 1179648K
  class space    used 9391K, committed 9920K, reserved 1048576K
}
Event: 7395.707 GC heap before
{Heap before GC invocations=2821 (full 55):
 PSYoungGen      total 15360K, used 15330K [0x00000000eab00000, 0x00000000ec500000, 0x0000000100000000)
  eden space 8192K, 100% used [0x00000000eab00000,0x00000000eb300000,0x00000000eb300000)
  from space 7168K, 99% used [0x00000000eb300000,0x00000000eb9f8990,0x00000000eba00000)
  to   space 9216K, 0% used [0x00000000ebc00000,0x00000000ebc00000,0x00000000ec500000)
 ParOldGen       total 112640K, used 100798K [0x00000000c0000000, 0x00000000c6e00000, 0x00000000eab00000)
  object space 112640K, 89% used [0x00000000c0000000,0x00000000c626f9f0,0x00000000c6e00000)
 Metaspace       used 93080K, committed 94272K, reserved 1179648K
  class space    used 9391K, committed 9920K, reserved 1048576K
}
Event: 7395.708 GC heap after
{Heap after GC invocations=2821 (full 55):
 PSYoungGen      total 14848K, used 6386K [0x00000000eab00000, 0x00000000ec280000, 0x0000000100000000)
  eden space 8192K, 0% used [0x00000000eab00000,0x00000000eab00000,0x00000000eb300000)
  from space 6656K, 95% used [0x00000000ebc00000,0x00000000ec23c980,0x00000000ec280000)
  to   space 7680K, 0% used [0x00000000eb380000,0x00000000eb380000,0x00000000ebb00000)
 ParOldGen       total 112640K, used 102585K [0x00000000c0000000, 0x00000000c6e00000, 0x00000000eab00000)
  object space 112640K, 91% used [0x00000000c0000000,0x00000000c642e6c0,0x00000000c6e00000)
 Metaspace       used 93080K, committed 94272K, reserved 1179648K
  class space    used 9391K, committed 9920K, reserved 1048576K
}
Event: 7396.101 GC heap before
{Heap before GC invocations=2822 (full 55):
 PSYoungGen      total 14848K, used 14578K [0x00000000eab00000, 0x00000000ec280000, 0x0000000100000000)
  eden space 8192K, 100% used [0x00000000eab00000,0x00000000eb300000,0x00000000eb300000)
  from space 6656K, 95% used [0x00000000ebc00000,0x00000000ec23c980,0x00000000ec280000)
  to   space 7680K, 0% used [0x00000000eb380000,0x00000000eb380000,0x00000000ebb00000)
 ParOldGen       total 112640K, used 102585K [0x00000000c0000000, 0x00000000c6e00000, 0x00000000eab00000)
  object space 112640K, 91% used [0x00000000c0000000,0x00000000c642e6c0,0x00000000c6e00000)
 Metaspace       used 93080K, committed 94272K, reserved 1179648K
  class space    used 9391K, committed 9920K, reserved 1048576K
}
Event: 7396.101 GC heap after
{Heap after GC invocations=2822 (full 55):
 PSYoungGen      total 11776K, used 3472K [0x00000000eab00000, 0x00000000ebd00000, 0x0000000100000000)
  eden space 8192K, 0% used [0x00000000eab00000,0x00000000eab00000,0x00000000eb300000)
  from space 3584K, 96% used [0x00000000eb380000,0x00000000eb6e40d0,0x00000000eb700000)
  to   space 5120K, 0% used [0x00000000eb800000,0x00000000eb800000,0x00000000ebd00000)
 ParOldGen       total 112640K, used 102585K [0x00000000c0000000, 0x00000000c6e00000, 0x00000000eab00000)
  object space 112640K, 91% used [0x00000000c0000000,0x00000000c642e6c0,0x00000000c6e00000)
 Metaspace       used 93080K, committed 94272K, reserved 1179648K
  class space    used 9391K, committed 9920K, reserved 1048576K
}
Event: 7396.111 GC heap before
{Heap before GC invocations=2823 (full 55):
 PSYoungGen      total 11776K, used 11664K [0x00000000eab00000, 0x00000000ebd00000, 0x0000000100000000)
  eden space 8192K, 100% used [0x00000000eab00000,0x00000000eb300000,0x00000000eb300000)
  from space 3584K, 96% used [0x00000000eb380000,0x00000000eb6e40d0,0x00000000eb700000)
  to   space 5120K, 0% used [0x00000000eb800000,0x00000000eb800000,0x00000000ebd00000)
 ParOldGen       total 112640K, used 102585K [0x00000000c0000000, 0x00000000c6e00000, 0x00000000eab00000)
  object space 112640K, 91% used [0x00000000c0000000,0x00000000c642e6c0,0x00000000c6e00000)
 Metaspace       used 93080K, committed 94272K, reserved 1179648K
  class space    used 9391K, committed 9920K, reserved 1048576K
}
Event: 7396.112 GC heap after
{Heap after GC invocations=2823 (full 55):
 PSYoungGen      total 13312K, used 4848K [0x00000000eab00000, 0x00000000ebd00000, 0x0000000100000000)
  eden space 8192K, 0% used [0x00000000eab00000,0x00000000eab00000,0x00000000eb300000)
  from space 5120K, 94% used [0x00000000eb800000,0x00000000ebcbc0d0,0x00000000ebd00000)
  to   space 5120K, 0% used [0x00000000eb300000,0x00000000eb300000,0x00000000eb800000)
 ParOldGen       total 112640K, used 102809K [0x00000000c0000000, 0x00000000c6e00000, 0x00000000eab00000)
  object space 112640K, 91% used [0x00000000c0000000,0x00000000c64666c0,0x00000000c6e00000)
 Metaspace       used 93080K, committed 94272K, reserved 1179648K
  class space    used 9391K, committed 9920K, reserved 1048576K
}
Event: 7396.304 GC heap before
{Heap before GC invocations=2824 (full 55):
 PSYoungGen      total 13312K, used 13040K [0x00000000eab00000, 0x00000000ebd00000, 0x0000000100000000)
  eden space 8192K, 99% used [0x00000000eab00000,0x00000000eb2fff50,0x00000000eb300000)
  from space 5120K, 94% used [0x00000000eb800000,0x00000000ebcbc0d0,0x00000000ebd00000)
  to   space 5120K, 0% used [0x00000000eb300000,0x00000000eb300000,0x00000000eb800000)
 ParOldGen       total 112640K, used 102809K [0x00000000c0000000, 0x00000000c6e00000, 0x00000000eab00000)
  object space 112640K, 91% used [0x00000000c0000000,0x00000000c64666c0,0x00000000c6e00000)
 Metaspace       used 93080K, committed 94272K, reserved 1179648K
  class space    used 9391K, committed 9920K, reserved 1048576K
}
Event: 7396.305 GC heap after
{Heap after GC invocations=2824 (full 55):
 PSYoungGen      total 12288K, used 4032K [0x00000000eab00000, 0x00000000ebc00000, 0x0000000100000000)
  eden space 8192K, 0% used [0x00000000eab00000,0x00000000eab00000,0x00000000eb300000)
  from space 4096K, 98% used [0x00000000eb300000,0x00000000eb6f00e0,0x00000000eb700000)
  to   space 4608K, 0% used [0x00000000eb780000,0x00000000eb780000,0x00000000ebc00000)
 ParOldGen       total 112640K, used 102825K [0x00000000c0000000, 0x00000000c6e00000, 0x00000000eab00000)
  object space 112640K, 91% used [0x00000000c0000000,0x00000000c646a6c0,0x00000000c6e00000)
 Metaspace       used 93080K, committed 94272K, reserved 1179648K
  class space    used 9391K, committed 9920K, reserved 1048576K
}
Event: 7396.573 GC heap before
{Heap before GC invocations=2825 (full 55):
 PSYoungGen      total 12288K, used 12224K [0x00000000eab00000, 0x00000000ebc00000, 0x0000000100000000)
  eden space 8192K, 100% used [0x00000000eab00000,0x00000000eb300000,0x00000000eb300000)
  from space 4096K, 98% used [0x00000000eb300000,0x00000000eb6f00e0,0x00000000eb700000)
  to   space 4608K, 0% used [0x00000000eb780000,0x00000000eb780000,0x00000000ebc00000)
 ParOldGen       total 112640K, used 102825K [0x00000000c0000000, 0x00000000c6e00000, 0x00000000eab00000)
  object space 112640K, 91% used [0x00000000c0000000,0x00000000c646a6c0,0x00000000c6e00000)
 Metaspace       used 93080K, committed 94272K, reserved 1179648K
  class space    used 9391K, committed 9920K, reserved 1048576K
}
Event: 7396.573 GC heap after
{Heap after GC invocations=2825 (full 55):
 PSYoungGen      total 12800K, used 4512K [0x00000000eab00000, 0x00000000ebc00000, 0x0000000100000000)
  eden space 8192K, 0% used [0x00000000eab00000,0x00000000eab00000,0x00000000eb300000)
  from space 4608K, 97% used [0x00000000eb780000,0x00000000ebbe80e0,0x00000000ebc00000)
  to   space 4608K, 0% used [0x00000000eb300000,0x00000000eb300000,0x00000000eb780000)
 ParOldGen       total 112640K, used 103279K [0x00000000c0000000, 0x00000000c6e00000, 0x00000000eab00000)
  object space 112640K, 91% used [0x00000000c0000000,0x00000000c64dbf28,0x00000000c6e00000)
 Metaspace       used 93080K, committed 94272K, reserved 1179648K
  class space    used 9391K, committed 9920K, reserved 1048576K
}
Event: 7396.795 GC heap before
{Heap before GC invocations=2826 (full 55):
 PSYoungGen      total 12800K, used 12704K [0x00000000eab00000, 0x00000000ebc00000, 0x0000000100000000)
  eden space 8192K, 100% used [0x00000000eab00000,0x00000000eb300000,0x00000000eb300000)
  from space 4608K, 97% used [0x00000000eb780000,0x00000000ebbe80e0,0x00000000ebc00000)
  to   space 4608K, 0% used [0x00000000eb300000,0x00000000eb300000,0x00000000eb780000)
 ParOldGen       total 112640K, used 103279K [0x00000000c0000000, 0x00000000c6e00000, 0x00000000eab00000)
  object space 112640K, 91% used [0x00000000c0000000,0x00000000c64dbf28,0x00000000c6e00000)
 Metaspace       used 93080K, committed 94272K, reserved 1179648K
  class space    used 9391K, committed 9920K, reserved 1048576K
}
Event: 7396.796 GC heap after
{Heap after GC invocations=2826 (full 55):
 PSYoungGen      total 12800K, used 4578K [0x00000000eab00000, 0x00000000ec100000, 0x0000000100000000)
  eden space 8192K, 0% used [0x00000000eab00000,0x00000000eab00000,0x00000000eb300000)
  from space 4608K, 99% used [0x00000000eb300000,0x00000000eb778950,0x00000000eb780000)
  to   space 7168K, 0% used [0x00000000eba00000,0x00000000eba00000,0x00000000ec100000)
 ParOldGen       total 112640K, used 105103K [0x00000000c0000000, 0x00000000c6e00000, 0x00000000eab00000)
  object space 112640K, 93% used [0x00000000c0000000,0x00000000c66a3f28,0x00000000c6e00000)
 Metaspace       used 93080K, committed 94272K, reserved 1179648K
  class space    used 9391K, committed 9920K, reserved 1048576K
}
Event: 7396.806 GC heap before
{Heap before GC invocations=2827 (full 55):
 PSYoungGen      total 12800K, used 12770K [0x00000000eab00000, 0x00000000ec100000, 0x0000000100000000)
  eden space 8192K, 100% used [0x00000000eab00000,0x00000000eb300000,0x00000000eb300000)
  from space 4608K, 99% used [0x00000000eb300000,0x00000000eb778950,0x00000000eb780000)
  to   space 7168K, 0% used [0x00000000eba00000,0x00000000eba00000,0x00000000ec100000)
 ParOldGen       total 112640K, used 105103K [0x00000000c0000000, 0x00000000c6e00000, 0x00000000eab00000)
  object space 112640K, 93% used [0x00000000c0000000,0x00000000c66a3f28,0x00000000c6e00000)
 Metaspace       used 93080K, committed 94272K, reserved 1179648K
  class space    used 9391K, committed 9920K, reserved 1048576K
}
Event: 7396.807 GC heap after
{Heap after GC invocations=2827 (full 55):
 PSYoungGen      total 14848K, used 6210K [0x00000000eab00000, 0x00000000ec080000, 0x0000000100000000)
  eden space 8192K, 0% used [0x00000000eab00000,0x00000000eab00000,0x00000000eb300000)
  from space 6656K, 93% used [0x00000000eba00000,0x00000000ec010970,0x00000000ec080000)
  to   space 6656K, 0% used [0x00000000eb380000,0x00000000eb380000,0x00000000eba00000)
 ParOldGen       total 112640K, used 105143K [0x00000000c0000000, 0x00000000c6e00000, 0x00000000eab00000)
  object space 112640K, 93% used [0x00000000c0000000,0x00000000c66adf28,0x00000000c6e00000)
 Metaspace       used 93080K, committed 94272K, reserved 1179648K
  class space    used 9391K, committed 9920K, reserved 1048576K
}
Event: 7397.046 GC heap before
{Heap before GC invocations=2828 (full 55):
 PSYoungGen      total 14848K, used 14402K [0x00000000eab00000, 0x00000000ec080000, 0x0000000100000000)
  eden space 8192K, 100% used [0x00000000eab00000,0x00000000eb300000,0x00000000eb300000)
  from space 6656K, 93% used [0x00000000eba00000,0x00000000ec010970,0x00000000ec080000)
  to   space 6656K, 0% used [0x00000000eb380000,0x00000000eb380000,0x00000000eba00000)
 ParOldGen       total 112640K, used 105143K [0x00000000c0000000, 0x00000000c6e00000, 0x00000000eab00000)
  object space 112640K, 93% used [0x00000000c0000000,0x00000000c66adf28,0x00000000c6e00000)
 Metaspace       used 93082K, committed 94272K, reserved 1179648K
  class space    used 9391K, committed 9920K, reserved 1048576K
}
Event: 7397.047 GC heap after
{Heap after GC invocations=2828 (full 55):
 PSYoungGen      total 13824K, used 5522K [0x00000000eab00000, 0x00000000ebf00000, 0x0000000100000000)
  eden space 8192K, 0% used [0x00000000eab00000,0x00000000eab00000,0x00000000eb300000)
  from space 5632K, 98% used [0x00000000eb380000,0x00000000eb8e4980,0x00000000eb900000)
  to   space 6144K, 0% used [0x00000000eb900000,0x00000000eb900000,0x00000000ebf00000)
 ParOldGen       total 112640K, used 105143K [0x00000000c0000000, 0x00000000c6e00000, 0x00000000eab00000)
  object space 112640K, 93% used [0x00000000c0000000,0x00000000c66adf28,0x00000000c6e00000)
 Metaspace       used 93082K, committed 94272K, reserved 1179648K
  class space    used 9391K, committed 9920K, reserved 1048576K
}
Event: 7397.057 GC heap before
{Heap before GC invocations=2829 (full 55):
 PSYoungGen      total 13824K, used 13685K [0x00000000eab00000, 0x00000000ebf00000, 0x0000000100000000)
  eden space 8192K, 99% used [0x00000000eab00000,0x00000000eb2f8de8,0x00000000eb300000)
  from space 5632K, 98% used [0x00000000eb380000,0x00000000eb8e4980,0x00000000eb900000)
  to   space 6144K, 0% used [0x00000000eb900000,0x00000000eb900000,0x00000000ebf00000)
 ParOldGen       total 112640K, used 105143K [0x00000000c0000000, 0x00000000c6e00000, 0x00000000eab00000)
  object space 112640K, 93% used [0x00000000c0000000,0x00000000c66adf28,0x00000000c6e00000)
 Metaspace       used 93082K, committed 94272K, reserved 1179648K
  class space    used 9391K, committed 9920K, reserved 1048576K
}
Event: 7397.058 GC heap after
{Heap after GC invocations=2829 (full 55):
 PSYoungGen      total 12288K, used 4049K [0x00000000eab00000, 0x00000000ebd00000, 0x0000000100000000)
  eden space 8192K, 0% used [0x00000000eab00000,0x00000000eab00000,0x00000000eb300000)
  from space 4096K, 98% used [0x00000000eb900000,0x00000000ebcf44d8,0x00000000ebd00000)
  to   space 5120K, 0% used [0x00000000eb300000,0x00000000eb300000,0x00000000eb800000)
 ParOldGen       total 112640K, used 106016K [0x00000000c0000000, 0x00000000c6e00000, 0x00000000eab00000)
  object space 112640K, 94% used [0x00000000c0000000,0x00000000c67881d8,0x00000000c6e00000)
 Metaspace       used 93082K, committed 94272K, reserved 1179648K
  class space    used 9391K, committed 9920K, reserved 1048576K
}
Event: 7398.682 GC heap before
{Heap before GC invocations=2830 (full 55):
 PSYoungGen      total 12288K, used 12241K [0x00000000eab00000, 0x00000000ebd00000, 0x0000000100000000)
  eden space 8192K, 100% used [0x00000000eab00000,0x00000000eb300000,0x00000000eb300000)
  from space 4096K, 98% used [0x00000000eb900000,0x00000000ebcf44d8,0x00000000ebd00000)
  to   space 5120K, 0% used [0x00000000eb300000,0x00000000eb300000,0x00000000eb800000)
 ParOldGen       total 112640K, used 106016K [0x00000000c0000000, 0x00000000c6e00000, 0x00000000eab00000)
  object space 112640K, 94% used [0x00000000c0000000,0x00000000c67881d8,0x00000000c6e00000)
 Metaspace       used 93082K, committed 94272K, reserved 1179648K
  class space    used 9391K, committed 9920K, reserved 1048576K
}

Dll operation events (12 events):
Event: 0.003 Loaded shared library c:\Users\cucua\.vscode\extensions\redhat.java-1.30.0-win32-x64\jre\17.0.10-win32-x86_64\bin\java.dll
Event: 0.065 Loaded shared library c:\Users\cucua\.vscode\extensions\redhat.java-1.30.0-win32-x64\jre\17.0.10-win32-x86_64\bin\zip.dll
Event: 0.067 Loaded shared library C:\Users\cucua\.vscode\extensions\redhat.java-1.30.0-win32-x64\jre\17.0.10-win32-x86_64\bin\instrument.dll
Event: 0.073 Loaded shared library C:\Users\cucua\.vscode\extensions\redhat.java-1.30.0-win32-x64\jre\17.0.10-win32-x86_64\bin\net.dll
Event: 0.074 Loaded shared library C:\Users\cucua\.vscode\extensions\redhat.java-1.30.0-win32-x64\jre\17.0.10-win32-x86_64\bin\nio.dll
Event: 0.078 Loaded shared library C:\Users\cucua\.vscode\extensions\redhat.java-1.30.0-win32-x64\jre\17.0.10-win32-x86_64\bin\zip.dll
Event: 0.085 Loaded shared library C:\Users\cucua\.vscode\extensions\redhat.java-1.30.0-win32-x64\jre\17.0.10-win32-x86_64\bin\jimage.dll
Event: 0.114 Loaded shared library c:\Users\cucua\.vscode\extensions\redhat.java-1.30.0-win32-x64\jre\17.0.10-win32-x86_64\bin\verify.dll
Event: 1.990 Loaded shared library C:\Users\cucua\AppData\Roaming\Code\User\globalStorage\redhat.java\1.30.0\config_win\org.eclipse.equinox.launcher\org.eclipse.equinox.launcher.win32.win32.x86_64_1.2.900.v20240213-1244\eclipse_11900.dll
Event: 5.498 Loaded shared library C:\Users\cucua\AppData\Local\Temp\jna-95012989\jna11102590573660769955.dll
Event: 6.194 Loaded shared library C:\Users\cucua\.vscode\extensions\redhat.java-1.30.0-win32-x64\jre\17.0.10-win32-x86_64\bin\sunmscapi.dll
Event: 6.305 Loaded shared library C:\Users\cucua\.vscode\extensions\redhat.java-1.30.0-win32-x64\jre\17.0.10-win32-x86_64\bin\extnet.dll

Deoptimization events (20 events):
Event: 7223.120 Thread 0x000002451923a6d0 DEOPT PACKING pc=0x0000024504e950be sp=0x00000057346fed20
Event: 7223.120 Thread 0x000002451923a6d0 DEOPT UNPACKING pc=0x000002450a086e43 sp=0x00000057346fe298 mode 0
Event: 7223.127 Thread 0x000002451923a6d0 DEOPT PACKING pc=0x0000024504e95055 sp=0x00000057346fed20
Event: 7223.127 Thread 0x000002451923a6d0 DEOPT UNPACKING pc=0x000002450a086e43 sp=0x00000057346fe298 mode 0
Event: 7223.133 Thread 0x00000245200a3050 DEOPT PACKING pc=0x0000024504e950be sp=0x0000005734afe7d0
Event: 7223.133 Thread 0x00000245200a3050 DEOPT UNPACKING pc=0x000002450a086e43 sp=0x0000005734afdd48 mode 0
Event: 7356.348 Thread 0x000002451923f7d0 Uncommon trap: trap_request=0xffffff45 fr.pc=0x000002450b65f860 relative=0x0000000000000900
Event: 7356.348 Thread 0x000002451923f7d0 Uncommon trap: reason=unstable_if action=reinterpret pc=0x000002450b65f860 method=org.eclipse.jdt.internal.corext.refactoring.code.SnippetFinder$Matcher.match(Lorg/eclipse/jdt/core/dom/SimpleName;Ljava/lang/Object;)Z @ 137 c2
Event: 7356.348 Thread 0x000002451923f7d0 DEOPT PACKING pc=0x000002450b65f860 sp=0x00000057348fd950
Event: 7356.348 Thread 0x000002451923f7d0 DEOPT UNPACKING pc=0x000002450a0866a3 sp=0x00000057348fd870 mode 2
Event: 7359.285 Thread 0x000002451923b600 DEOPT PACKING pc=0x0000024504a7c9cc sp=0x00000057347fe5a0
Event: 7359.285 Thread 0x000002451923b600 DEOPT UNPACKING pc=0x000002450a086e43 sp=0x00000057347fda10 mode 0
Event: 7362.879 Thread 0x00000245200a3050 Uncommon trap: trap_request=0xffffff6e fr.pc=0x000002450bacd318 relative=0x0000000000000218
Event: 7362.879 Thread 0x00000245200a3050 Uncommon trap: reason=loop_limit_check action=maybe_recompile pc=0x000002450bacd318 method=java.util.DualPivotQuicksort.insertionSort([III)V @ 35 c2
Event: 7362.879 Thread 0x00000245200a3050 DEOPT PACKING pc=0x000002450bacd318 sp=0x0000005734afd620
Event: 7362.879 Thread 0x00000245200a3050 DEOPT UNPACKING pc=0x000002450a0866a3 sp=0x0000005734afd598 mode 2
Event: 7365.540 Thread 0x000002451923b600 Uncommon trap: trap_request=0xffffff45 fr.pc=0x000002450b52bb40 relative=0x0000000000000460
Event: 7365.540 Thread 0x000002451923b600 Uncommon trap: reason=unstable_if action=reinterpret pc=0x000002450b52bb40 method=org.eclipse.jdt.internal.compiler.lookup.Scope.getBaseType([C)Lorg/eclipse/jdt/internal/compiler/lookup/TypeBinding; @ 153 c2
Event: 7365.540 Thread 0x000002451923b600 DEOPT PACKING pc=0x000002450b52bb40 sp=0x00000057347fdb30
Event: 7365.540 Thread 0x000002451923b600 DEOPT UNPACKING pc=0x000002450a0866a3 sp=0x00000057347fdab8 mode 2

Classes unloaded (20 events):
Event: 3787.107 Thread 0x0000024518fe5110 Unloading class 0x00000001002dc400 'jdk/internal/reflect/GeneratedSerializationConstructorAccessor1'
Event: 3787.107 Thread 0x0000024518fe5110 Unloading class 0x0000000100279400 'java/lang/invoke/LambdaForm$MH+0x0000000100279400'
Event: 3787.107 Thread 0x0000024518fe5110 Unloading class 0x0000000100279000 'java/lang/invoke/LambdaForm$MH+0x0000000100279000'
Event: 3787.107 Thread 0x0000024518fe5110 Unloading class 0x0000000100278c00 'java/lang/invoke/LambdaForm$MH+0x0000000100278c00'
Event: 3787.107 Thread 0x0000024518fe5110 Unloading class 0x000000010021a400 'java/lang/invoke/LambdaForm$MH+0x000000010021a400'
Event: 3787.107 Thread 0x0000024518fe5110 Unloading class 0x000000010021a000 'java/lang/invoke/LambdaForm$MH+0x000000010021a000'
Event: 3787.107 Thread 0x0000024518fe5110 Unloading class 0x0000000100219c00 'java/lang/invoke/LambdaForm$MH+0x0000000100219c00'
Event: 3787.107 Thread 0x0000024518fe5110 Unloading class 0x0000000100219800 'java/lang/invoke/LambdaForm$MH+0x0000000100219800'
Event: 3787.107 Thread 0x0000024518fe5110 Unloading class 0x000000010019a000 'java/lang/invoke/LambdaForm$MH+0x000000010019a000'
Event: 3787.107 Thread 0x0000024518fe5110 Unloading class 0x0000000100199800 'java/lang/invoke/LambdaForm$MH+0x0000000100199800'
Event: 3787.107 Thread 0x0000024518fe5110 Unloading class 0x0000000100199400 'java/lang/invoke/LambdaForm$MH+0x0000000100199400'
Event: 3787.107 Thread 0x0000024518fe5110 Unloading class 0x0000000100199000 'java/lang/invoke/LambdaForm$MH+0x0000000100199000'
Event: 3787.107 Thread 0x0000024518fe5110 Unloading class 0x0000000100198c00 'java/lang/invoke/LambdaForm$MH+0x0000000100198c00'
Event: 3787.107 Thread 0x0000024518fe5110 Unloading class 0x0000000100198400 'java/lang/invoke/LambdaForm$MH+0x0000000100198400'
Event: 6982.571 Thread 0x0000024518fe5110 Unloading class 0x0000000100978000 'jdk/internal/reflect/GeneratedSerializationConstructorAccessor6'
Event: 6982.571 Thread 0x0000024518fe5110 Unloading class 0x0000000100975800 'jdk/internal/reflect/GeneratedSerializationConstructorAccessor5'
Event: 6982.571 Thread 0x0000024518fe5110 Unloading class 0x0000000100972c00 'jdk/internal/reflect/GeneratedSerializationConstructorAccessor4'
Event: 6982.571 Thread 0x0000024518fe5110 Unloading class 0x00000001008b5000 'jdk/internal/reflect/GeneratedConstructorAccessor63'
Event: 6982.571 Thread 0x0000024518fe5110 Unloading class 0x00000001008b0c00 'jdk/internal/reflect/GeneratedConstructorAccessor62'
Event: 6982.571 Thread 0x0000024518fe5110 Unloading class 0x00000001009c4000 'jdk/internal/reflect/GeneratedConstructorAccessor40'

Classes redefined (0 events):
No events

Internal exceptions (20 events):
Event: 7072.167 Thread 0x000002451c8f7ed0 Implicit null exception at 0x000002450b31dda1 to 0x000002450b31e8c4
Event: 7076.587 Thread 0x000002451923a6d0 Exception <a 'java/lang/ClassNotFoundException'{0x00000000eae2ef70}: sun/net/www/protocol/jdt/Handler> (0x00000000eae2ef70) 
thrown [s\src\hotspot\share\classfile\systemDictionary.cpp, line 256]
Event: 7076.587 Thread 0x000002451923a6d0 Exception <a 'java/lang/ClassNotFoundException'{0x00000000eae312f8}: sun/net/www/protocol/jdt/Handler> (0x00000000eae312f8) 
thrown [s\src\hotspot\share\classfile\systemDictionary.cpp, line 256]
Event: 7076.587 Thread 0x000002451923a6d0 Exception <a 'java/lang/ClassNotFoundException'{0x00000000eae33920}: sun/net/www/protocol/jdt/Handler> (0x00000000eae33920) 
thrown [s\src\hotspot\share\classfile\systemDictionary.cpp, line 256]
Event: 7076.587 Thread 0x000002451923a6d0 Exception <a 'java/lang/ClassNotFoundException'{0x00000000eae362d8}: sun/net/www/protocol/jdt/Handler> (0x00000000eae362d8) 
thrown [s\src\hotspot\share\classfile\systemDictionary.cpp, line 256]
Event: 7076.587 Thread 0x000002451923a6d0 Exception <a 'java/lang/ClassNotFoundException'{0x00000000eae38ae0}: sun/net/www/protocol/jdt/Handler> (0x00000000eae38ae0) 
thrown [s\src\hotspot\share\classfile\systemDictionary.cpp, line 256]
Event: 7076.587 Thread 0x000002451923a6d0 Exception <a 'java/lang/ClassNotFoundException'{0x00000000eae3e1c8}: sun/net/www/protocol/jdt/Handler> (0x00000000eae3e1c8) 
thrown [s\src\hotspot\share\classfile\systemDictionary.cpp, line 256]
Event: 7076.587 Thread 0x000002451923a6d0 Exception <a 'java/lang/ClassNotFoundException'{0x00000000eae40798}: sun/net/www/protocol/jdt/Handler> (0x00000000eae40798) 
thrown [s\src\hotspot\share\classfile\systemDictionary.cpp, line 256]
Event: 7076.587 Thread 0x000002451923a6d0 Exception <a 'java/lang/ClassNotFoundException'{0x00000000eae43270}: sun/net/www/protocol/jdt/Handler> (0x00000000eae43270) 
thrown [s\src\hotspot\share\classfile\systemDictionary.cpp, line 256]
Event: 7076.588 Thread 0x000002451923a6d0 Exception <a 'java/lang/ClassNotFoundException'{0x00000000eae46978}: sun/net/www/protocol/jdt/Handler> (0x00000000eae46978) 
thrown [s\src\hotspot\share\classfile\systemDictionary.cpp, line 256]
Event: 7191.641 Thread 0x00000245200a3050 Implicit null exception at 0x000002450b16756a to 0x000002450b167b7e
Event: 7239.866 Thread 0x00000245200a3050 Exception <a 'java/lang/ClassNotFoundException'{0x00000000eb2b6468}: sun/net/www/protocol/jdt/Handler> (0x00000000eb2b6468) 
thrown [s\src\hotspot\share\classfile\systemDictionary.cpp, line 256]
Event: 7239.866 Thread 0x00000245200a3050 Exception <a 'java/lang/ClassNotFoundException'{0x00000000eb2b87f0}: sun/net/www/protocol/jdt/Handler> (0x00000000eb2b87f0) 
thrown [s\src\hotspot\share\classfile\systemDictionary.cpp, line 256]
Event: 7239.866 Thread 0x00000245200a3050 Exception <a 'java/lang/ClassNotFoundException'{0x00000000eb2bae18}: sun/net/www/protocol/jdt/Handler> (0x00000000eb2bae18) 
thrown [s\src\hotspot\share\classfile\systemDictionary.cpp, line 256]
Event: 7239.866 Thread 0x00000245200a3050 Exception <a 'java/lang/ClassNotFoundException'{0x00000000eb2bd7d0}: sun/net/www/protocol/jdt/Handler> (0x00000000eb2bd7d0) 
thrown [s\src\hotspot\share\classfile\systemDictionary.cpp, line 256]
Event: 7239.866 Thread 0x00000245200a3050 Exception <a 'java/lang/ClassNotFoundException'{0x00000000eb2bffd8}: sun/net/www/protocol/jdt/Handler> (0x00000000eb2bffd8) 
thrown [s\src\hotspot\share\classfile\systemDictionary.cpp, line 256]
Event: 7239.866 Thread 0x00000245200a3050 Exception <a 'java/lang/ClassNotFoundException'{0x00000000eb2c56c0}: sun/net/www/protocol/jdt/Handler> (0x00000000eb2c56c0) 
thrown [s\src\hotspot\share\classfile\systemDictionary.cpp, line 256]
Event: 7239.866 Thread 0x00000245200a3050 Exception <a 'java/lang/ClassNotFoundException'{0x00000000eb2c7c90}: sun/net/www/protocol/jdt/Handler> (0x00000000eb2c7c90) 
thrown [s\src\hotspot\share\classfile\systemDictionary.cpp, line 256]
Event: 7239.866 Thread 0x00000245200a3050 Exception <a 'java/lang/ClassNotFoundException'{0x00000000eb2ca768}: sun/net/www/protocol/jdt/Handler> (0x00000000eb2ca768) 
thrown [s\src\hotspot\share\classfile\systemDictionary.cpp, line 256]
Event: 7239.866 Thread 0x00000245200a3050 Exception <a 'java/lang/ClassNotFoundException'{0x00000000eb2cde70}: sun/net/www/protocol/jdt/Handler> (0x00000000eb2cde70) 
thrown [s\src\hotspot\share\classfile\systemDictionary.cpp, line 256]

VM Operations (20 events):
Event: 7395.696 Executing VM operation: ParallelGCFailedAllocation done
Event: 7395.706 Executing VM operation: ParallelGCFailedAllocation
Event: 7395.708 Executing VM operation: ParallelGCFailedAllocation done
Event: 7396.101 Executing VM operation: ParallelGCFailedAllocation
Event: 7396.101 Executing VM operation: ParallelGCFailedAllocation done
Event: 7396.111 Executing VM operation: ParallelGCFailedAllocation
Event: 7396.112 Executing VM operation: ParallelGCFailedAllocation done
Event: 7396.304 Executing VM operation: ParallelGCFailedAllocation
Event: 7396.305 Executing VM operation: ParallelGCFailedAllocation done
Event: 7396.573 Executing VM operation: ParallelGCFailedAllocation
Event: 7396.574 Executing VM operation: ParallelGCFailedAllocation done
Event: 7396.795 Executing VM operation: ParallelGCFailedAllocation
Event: 7396.796 Executing VM operation: ParallelGCFailedAllocation done
Event: 7396.806 Executing VM operation: ParallelGCFailedAllocation
Event: 7396.807 Executing VM operation: ParallelGCFailedAllocation done
Event: 7397.046 Executing VM operation: ParallelGCFailedAllocation
Event: 7397.047 Executing VM operation: ParallelGCFailedAllocation done
Event: 7397.057 Executing VM operation: ParallelGCFailedAllocation
Event: 7397.058 Executing VM operation: ParallelGCFailedAllocation done
Event: 7398.682 Executing VM operation: ParallelGCFailedAllocation

Events (20 events):
Event: 7212.753 Thread 0x0000024521204340 Thread added: 0x0000024521204340
Event: 7212.753 Thread 0x0000024521201370 Thread added: 0x0000024521201370
Event: 7213.008 Thread 0x000002451f8cd8c0 Thread added: 0x000002451f8cd8c0
Event: 7217.797 Thread 0x000002451f8cd8c0 Thread exited: 0x000002451f8cd8c0
Event: 7217.798 Thread 0x0000024521201370 Thread exited: 0x0000024521201370
Event: 7220.096 Thread 0x0000024521204340 Thread exited: 0x0000024521204340
Event: 7222.039 Thread 0x000002451f8cbe30 Thread added: 0x000002451f8cbe30
Event: 7223.064 Thread 0x000002451f8cbe30 Thread exited: 0x000002451f8cbe30
Event: 7224.536 Thread 0x000002451f8cbe30 Thread added: 0x000002451f8cbe30
Event: 7226.565 Thread 0x000002451f8cbe30 Thread exited: 0x000002451f8cbe30
Event: 7239.901 Thread 0x000002451f8cbe30 Thread added: 0x000002451f8cbe30
Event: 7244.907 Thread 0x000002451f8cbe30 Thread exited: 0x000002451f8cbe30
Event: 7284.736 Thread 0x000002451cfef640 Thread exited: 0x000002451cfef640
Event: 7368.046 Thread 0x00000245200a02c0 Thread added: 0x00000245200a02c0
Event: 7372.157 Thread 0x00000245200a1c10 Thread added: 0x00000245200a1c10
Event: 7372.157 Thread 0x000002452009da40 Thread added: 0x000002452009da40
Event: 7372.157 Thread 0x00000245200a3a70 Thread added: 0x00000245200a3a70
Event: 7372.157 Thread 0x00000245200a3a70 Thread exited: 0x00000245200a3a70
Event: 7372.157 Thread 0x00000245200a1c10 Thread exited: 0x00000245200a1c10
Event: 7372.157 Thread 0x000002452009da40 Thread exited: 0x000002452009da40


Dynamic libraries:
0x00007ff638200000 - 0x00007ff63820e000 	c:\Users\cucua\.vscode\extensions\redhat.java-1.30.0-win32-x64\jre\17.0.10-win32-x86_64\bin\java.exe
0x00007fffddcb0000 - 0x00007fffddea8000 	C:\WINDOWS\SYSTEM32\ntdll.dll
0x00007fffdd210000 - 0x00007fffdd2cf000 	C:\WINDOWS\System32\KERNEL32.DLL
0x00007fffdb730000 - 0x00007fffdba02000 	C:\WINDOWS\System32\KERNELBASE.dll
0x00007fffdb3a0000 - 0x00007fffdb4a0000 	C:\WINDOWS\System32\ucrtbase.dll
0x00007fffbfa20000 - 0x00007fffbfa37000 	c:\Users\cucua\.vscode\extensions\redhat.java-1.30.0-win32-x64\jre\17.0.10-win32-x86_64\bin\jli.dll
0x00007fffbb670000 - 0x00007fffbb68b000 	c:\Users\cucua\.vscode\extensions\redhat.java-1.30.0-win32-x64\jre\17.0.10-win32-x86_64\bin\VCRUNTIME140.dll
0x00007fffdbea0000 - 0x00007fffdc041000 	C:\WINDOWS\System32\USER32.dll
0x00007fffdba10000 - 0x00007fffdba32000 	C:\WINDOWS\System32\win32u.dll
0x00007fffcff10000 - 0x00007fffd01aa000 	C:\WINDOWS\WinSxS\amd64_microsoft.windows.common-controls_6595b64144ccf1df_6.0.19041.1110_none_60b5254171f9507e\COMCTL32.dll
0x00007fffdd1e0000 - 0x00007fffdd20b000 	C:\WINDOWS\System32\GDI32.dll
0x00007fffdc050000 - 0x00007fffdc0ee000 	C:\WINDOWS\System32\msvcrt.dll
0x00007fffdb590000 - 0x00007fffdb69f000 	C:\WINDOWS\System32\gdi32full.dll
0x00007fffdba40000 - 0x00007fffdbadd000 	C:\WINDOWS\System32\msvcp_win.dll
0x00007fffdd4b0000 - 0x00007fffdd4e2000 	C:\WINDOWS\System32\IMM32.DLL
0x00007fffd3b80000 - 0x00007fffd3b8c000 	c:\Users\cucua\.vscode\extensions\redhat.java-1.30.0-win32-x64\jre\17.0.10-win32-x86_64\bin\vcruntime140_1.dll
0x00007fffa3a50000 - 0x00007fffa3add000 	c:\Users\cucua\.vscode\extensions\redhat.java-1.30.0-win32-x64\jre\17.0.10-win32-x86_64\bin\msvcp140.dll
0x00007fff46e90000 - 0x00007fff47af2000 	c:\Users\cucua\.vscode\extensions\redhat.java-1.30.0-win32-x64\jre\17.0.10-win32-x86_64\bin\server\jvm.dll
0x00007fffdd330000 - 0x00007fffdd3de000 	C:\WINDOWS\System32\ADVAPI32.dll
0x00007fffdcd40000 - 0x00007fffdcddc000 	C:\WINDOWS\System32\sechost.dll
0x00007fffdbcf0000 - 0x00007fffdbe15000 	C:\WINDOWS\System32\RPCRT4.dll
0x00007fffdb100000 - 0x00007fffdb14b000 	C:\WINDOWS\SYSTEM32\POWRPROF.dll
0x00007fff7a6a0000 - 0x00007fff7a6a9000 	C:\WINDOWS\SYSTEM32\WSOCK32.dll
0x00007fffd2b90000 - 0x00007fffd2bb7000 	C:\WINDOWS\SYSTEM32\WINMM.dll
0x00007fffdd710000 - 0x00007fffdd77b000 	C:\WINDOWS\System32\WS2_32.dll
0x00007fffd5a10000 - 0x00007fffd5a1a000 	C:\WINDOWS\SYSTEM32\VERSION.dll
0x00007fffdb0e0000 - 0x00007fffdb0f2000 	C:\WINDOWS\SYSTEM32\UMPDC.dll
0x00007fffd9280000 - 0x00007fffd9292000 	C:\WINDOWS\SYSTEM32\kernel.appcore.dll
0x00007fffd22e0000 - 0x00007fffd22ea000 	c:\Users\cucua\.vscode\extensions\redhat.java-1.30.0-win32-x64\jre\17.0.10-win32-x86_64\bin\jimage.dll
0x00007fffd0ac0000 - 0x00007fffd0ca4000 	C:\WINDOWS\SYSTEM32\DBGHELP.DLL
0x00007fffce950000 - 0x00007fffce985000 	C:\WINDOWS\SYSTEM32\dbgcore.DLL
0x00007fffdb6a0000 - 0x00007fffdb722000 	C:\WINDOWS\System32\bcryptPrimitives.dll
0x00007fffd2230000 - 0x00007fffd223e000 	c:\Users\cucua\.vscode\extensions\redhat.java-1.30.0-win32-x64\jre\17.0.10-win32-x86_64\bin\instrument.dll
0x00007fffb9cd0000 - 0x00007fffb9cf5000 	c:\Users\cucua\.vscode\extensions\redhat.java-1.30.0-win32-x64\jre\17.0.10-win32-x86_64\bin\java.dll
0x00007fffb9ed0000 - 0x00007fffb9ee8000 	c:\Users\cucua\.vscode\extensions\redhat.java-1.30.0-win32-x64\jre\17.0.10-win32-x86_64\bin\zip.dll
0x00007fffdc5f0000 - 0x00007fffdcd34000 	C:\WINDOWS\System32\SHELL32.dll
0x00007fffd9480000 - 0x00007fffd9c12000 	C:\WINDOWS\SYSTEM32\windows.storage.dll
0x00007fffdc100000 - 0x00007fffdc455000 	C:\WINDOWS\System32\combase.dll
0x00007fffdad20000 - 0x00007fffdad50000 	C:\WINDOWS\SYSTEM32\Wldp.dll
0x00007fffdd130000 - 0x00007fffdd1dd000 	C:\WINDOWS\System32\SHCORE.dll
0x00007fffdd780000 - 0x00007fffdd7d5000 	C:\WINDOWS\System32\shlwapi.dll
0x00007fffdb2e0000 - 0x00007fffdb2ff000 	C:\WINDOWS\SYSTEM32\profapi.dll
0x00007fffb9870000 - 0x00007fffb9889000 	C:\Users\cucua\.vscode\extensions\redhat.java-1.30.0-win32-x64\jre\17.0.10-win32-x86_64\bin\net.dll
0x00007fffd4be0000 - 0x00007fffd4cec000 	C:\WINDOWS\SYSTEM32\WINHTTP.dll
0x00007fffdaa80000 - 0x00007fffdaaea000 	C:\WINDOWS\system32\mswsock.dll
0x00007fffb53d0000 - 0x00007fffb53e6000 	C:\Users\cucua\.vscode\extensions\redhat.java-1.30.0-win32-x64\jre\17.0.10-win32-x86_64\bin\nio.dll
0x00007fffd15d0000 - 0x00007fffd15e0000 	c:\Users\cucua\.vscode\extensions\redhat.java-1.30.0-win32-x64\jre\17.0.10-win32-x86_64\bin\verify.dll
0x00007fffaed80000 - 0x00007fffaedbe000 	C:\Users\cucua\AppData\Roaming\Code\User\globalStorage\redhat.java\1.30.0\config_win\org.eclipse.equinox.launcher\org.eclipse.equinox.launcher.win32.win32.x86_64_1.2.900.v20240213-1244\eclipse_11900.dll
0x00007fffdcde0000 - 0x00007fffdcf0a000 	C:\WINDOWS\System32\ole32.dll
0x00007fffdac70000 - 0x00007fffdac88000 	C:\WINDOWS\SYSTEM32\CRYPTSP.dll
0x00007fffda3a0000 - 0x00007fffda3d4000 	C:\WINDOWS\system32\rsaenh.dll
0x00007fffdb4a0000 - 0x00007fffdb4c7000 	C:\WINDOWS\System32\bcrypt.dll
0x00007fffdb260000 - 0x00007fffdb28e000 	C:\WINDOWS\SYSTEM32\USERENV.dll
0x00007fffdac90000 - 0x00007fffdac9c000 	C:\WINDOWS\SYSTEM32\CRYPTBASE.dll
0x00007fffda770000 - 0x00007fffda7ab000 	C:\WINDOWS\SYSTEM32\IPHLPAPI.DLL
0x00007fffdc0f0000 - 0x00007fffdc0f8000 	C:\WINDOWS\System32\NSI.dll
0x00007fffd5270000 - 0x00007fffd5287000 	C:\WINDOWS\SYSTEM32\dhcpcsvc6.DLL
0x00007fffd5e80000 - 0x00007fffd5e9d000 	C:\WINDOWS\SYSTEM32\dhcpcsvc.DLL
0x00007fffda7b0000 - 0x00007fffda87a000 	C:\WINDOWS\SYSTEM32\DNSAPI.dll
0x00007fffa3500000 - 0x00007fffa3545000 	C:\Users\cucua\AppData\Local\Temp\jna-95012989\jna11102590573660769955.dll
0x00007fffdd700000 - 0x00007fffdd708000 	C:\WINDOWS\System32\PSAPI.DLL
0x00007fffcfd20000 - 0x00007fffcfd2e000 	C:\Users\cucua\.vscode\extensions\redhat.java-1.30.0-win32-x64\jre\17.0.10-win32-x86_64\bin\sunmscapi.dll
0x00007fffdbae0000 - 0x00007fffdbc36000 	C:\WINDOWS\System32\CRYPT32.dll
0x00007fffdad90000 - 0x00007fffdadb7000 	C:\WINDOWS\SYSTEM32\ncrypt.dll
0x00007fffdad50000 - 0x00007fffdad8b000 	C:\WINDOWS\SYSTEM32\NTASN1.dll
0x00007fffc4270000 - 0x00007fffc427a000 	C:\Windows\System32\rasadhlp.dll
0x00007fffc42b0000 - 0x00007fffc4330000 	C:\WINDOWS\System32\fwpuclnt.dll
0x00007fffce920000 - 0x00007fffce929000 	C:\Users\cucua\.vscode\extensions\redhat.java-1.30.0-win32-x64\jre\17.0.10-win32-x86_64\bin\extnet.dll

dbghelp: loaded successfully - version: 4.0.5 - missing functions: none
symbol engine: initialized successfully - sym options: 0x614 - pdb path: .;c:\Users\cucua\.vscode\extensions\redhat.java-1.30.0-win32-x64\jre\17.0.10-win32-x86_64\bin;C:\WINDOWS\SYSTEM32;C:\WINDOWS\WinSxS\amd64_microsoft.windows.common-controls_6595b64144ccf1df_6.0.19041.1110_none_60b5254171f9507e;c:\Users\cucua\.vscode\extensions\redhat.java-1.30.0-win32-x64\jre\17.0.10-win32-x86_64\bin\server;C:\Users\cucua\AppData\Roaming\Code\User\globalStorage\redhat.java\1.30.0\config_win\org.eclipse.equinox.launcher\org.eclipse.equinox.launcher.win32.win32.x86_64_1.2.900.v20240213-1244;C:\Users\cucua\AppData\Local\Temp\jna-95012989

VM Arguments:
jvm_args: --add-modules=ALL-SYSTEM --add-opens=java.base/java.util=ALL-UNNAMED --add-opens=java.base/java.lang=ALL-UNNAMED --add-opens=java.base/sun.nio.fs=ALL-UNNAMED -Declipse.application=org.eclipse.jdt.ls.core.id1 -Dosgi.bundles.defaultStartLevel=4 -Declipse.product=org.eclipse.jdt.ls.core.product -Djava.import.generatesMetadataFilesAtProjectRoot=false -DDetectVMInstallationsJob.disabled=true -Dfile.encoding=utf8 -XX:+UseParallelGC -XX:GCTimeRatio=4 -XX:AdaptiveSizePolicyWeight=90 -Dsun.zip.disableMemoryMapping=true -Xmx1G -Xms100m -Xlog:disable -javaagent:c:\Users\cucua\.vscode\extensions\redhat.java-1.30.0-win32-x64\lombok\lombok-1.18.32.jar -XX:+HeapDumpOnOutOfMemoryError -XX:HeapDumpPath=c:\Users\cucua\AppData\Roaming\Code\User\workspaceStorage\6f6d6e23213565340f27434c3d0c5642\redhat.java -Daether.dependencyCollector.impl=bf 
java_command: c:\Users\cucua\.vscode\extensions\redhat.java-1.30.0-win32-x64\server\plugins\org.eclipse.equinox.launcher_1.6.800.v20240330-1250.jar -configuration c:\Users\cucua\AppData\Roaming\Code\User\globalStorage\redhat.java\1.30.0\config_win -data c:\Users\cucua\AppData\Roaming\Code\User\workspaceStorage\6f6d6e23213565340f27434c3d0c5642\redhat.java\jdt_ws --pipe=\\.\pipe\lsp-2ad9d7a243729d44a8176b5868ad507e-sock
java_class_path (initial): c:\Users\cucua\.vscode\extensions\redhat.java-1.30.0-win32-x64\server\plugins\org.eclipse.equinox.launcher_1.6.800.v20240330-1250.jar
Launcher Type: SUN_STANDARD

[Global flags]
    uintx AdaptiveSizePolicyWeight                 = 90                                        {product} {command line}
     intx CICompilerCount                          = 12                                        {product} {ergonomic}
    uintx GCTimeRatio                              = 4                                         {product} {command line}
     bool HeapDumpOnOutOfMemoryError               = true                                   {manageable} {command line}
    ccstr HeapDumpPath                             = c:\Users\cucua\AppData\Roaming\Code\User\workspaceStorage\6f6d6e23213565340f27434c3d0c5642\redhat.java         {manageable} {command line}
   size_t InitialHeapSize                          = 104857600                                 {product} {command line}
   size_t MaxHeapSize                              = 1073741824                                {product} {command line}
   size_t MaxNewSize                               = 357564416                                 {product} {ergonomic}
   size_t MinHeapDeltaBytes                        = 524288                                    {product} {ergonomic}
   size_t MinHeapSize                              = 104857600                                 {product} {command line}
   size_t NewSize                                  = 34603008                                  {product} {ergonomic}
    uintx NonNMethodCodeHeapSize                   = 7602480                                {pd product} {ergonomic}
    uintx NonProfiledCodeHeapSize                  = 122027880                              {pd product} {ergonomic}
   size_t OldSize                                  = 70254592                                  {product} {ergonomic}
    uintx ProfiledCodeHeapSize                     = 122027880                              {pd product} {ergonomic}
    uintx ReservedCodeCacheSize                    = 251658240                              {pd product} {ergonomic}
     bool SegmentedCodeCache                       = true                                      {product} {ergonomic}
   size_t SoftMaxHeapSize                          = 1073741824                             {manageable} {ergonomic}
     bool UseCompressedClassPointers               = true                           {product lp64_product} {ergonomic}
     bool UseCompressedOops                        = true                           {product lp64_product} {ergonomic}
     bool UseLargePagesIndividualAllocation        = false                                  {pd product} {ergonomic}
     bool UseParallelGC                            = true                                      {product} {command line}

Logging:
Log output configuration:
 #0: stdout all=off uptime,level,tags
 #1: stderr all=off uptime,level,tags

Environment Variables:
PATH=C:\Program Files\Common Files\Oracle\Java\javapath;C:\WINDOWS\system32;C:\WINDOWS;C:\WINDOWS\System32\Wbem;C:\WINDOWS\System32\WindowsPowerShell\v1.0\;C:\WINDOWS\System32\OpenSSH\;C:\Program Files (x86)\NVIDIA Corporation\PhysX\Common;C:\Program Files\NVIDIA Corporation\NVIDIA NvDLISR;C:\Program Files\Git\cmd;C:\Users\cucua\AppData\Local\Programs\Python\Python36\Scripts\;C:\Users\cucua\AppData\Local\Programs\Python\Python36\;C:\Users\cucua\AppData\Local\Programs\Python\Python311\Scripts\;C:\Users\cucua\AppData\Local\Programs\Python\Python311\;C:\Users\cucua\AppData\Local\Microsoft\WindowsApps;;C:\Users\cucua\AppData\Local\Programs\Microsoft VS Code\bin;C:\Program Files (x86)\Brackets\
USERNAME=cucua
OS=Windows_NT
PROCESSOR_IDENTIFIER=Intel64 Family 6 Model 165 Stepping 5, GenuineIntel
TMP=C:\Users\cucua\AppData\Local\Temp
TEMP=C:\Users\cucua\AppData\Local\Temp



Periodic native trim disabled


---------------  S Y S T E M  ---------------

OS:
 Windows 10 , 64 bit Build 19041 (10.0.19041.2364)
OS uptime: 3 days 17:53 hours

CPU: total 20 (initial active 20) (10 cores per cpu, 2 threads per core) family 6 model 165 stepping 5 microcode 0xec, cx8, cmov, fxsr, ht, mmx, 3dnowpref, sse, sse2, sse3, ssse3, sse4.1, sse4.2, popcnt, lzcnt, tsc, tscinvbit, avx, avx2, aes, erms, clmul, bmi1, bmi2, adx, fma, vzeroupper, clflush, clflushopt
Processor Information for all 20 processors :
  Max Mhz: 3696, Current Mhz: 3696, Mhz Limit: 3696

Memory: 4k page, system-wide physical 32688M (20480M free)
TotalPageFile size 38320M (AvailPageFile size 20380M)
current process WorkingSet (physical memory assigned to process): 450M, peak: 459M
current process commit charge ("private bytes"): 485M, peak: 499M

vm_info: OpenJDK 64-Bit Server VM (17.0.10+7) for windows-amd64 JRE (17.0.10+7), built on Jan 16 2024 23:25:11 by "admin" with MS VC++ 16.10 / 16.11 (VS2019)

END.
